23:57:36:646 [main] DEBUG org.apache.poi.openxml4j.opc.PackageRelationshipCollection - Parsing relationship: /_rels/.rels
23:57:36:673 [main] DEBUG org.apache.poi.openxml4j.opc.PackageRelationshipCollection - Parsing relationship: /xl/_rels/workbook.xml.rels
23:57:36:674 [main] DEBUG org.apache.poi.openxml4j.opc.PackageRelationshipCollection - Parsing relationship: /xl/worksheets/_rels/sheet1.xml.rels
23:57:36:676 [main] DEBUG org.apache.poi.openxml4j.opc.PackageRelationshipCollection - Parsing relationship: /_rels/.rels
23:57:36:694 [main] DEBUG org.apache.poi.openxml4j.opc.PackageRelationshipCollection - Parsing relationship: /xl/_rels/workbook.xml.rels
23:57:36:695 [main] DEBUG org.apache.poi.openxml4j.opc.PackageRelationshipCollection - Parsing relationship: /xl/worksheets/_rels/sheet1.xml.rels
23:57:36:696 [main] DEBUG org.apache.poi.openxml4j.opc.PackageRelationshipCollection - Parsing relationship: /_rels/.rels
23:57:36:715 [main] DEBUG org.apache.poi.openxml4j.opc.PackageRelationshipCollection - Parsing relationship: /xl/_rels/workbook.xml.rels
23:57:36:716 [main] DEBUG org.apache.poi.openxml4j.opc.PackageRelationshipCollection - Parsing relationship: /xl/worksheets/_rels/sheet1.xml.rels
23:57:36:716 [main] DEBUG org.apache.poi.openxml4j.opc.PackageRelationshipCollection - Parsing relationship: /_rels/.rels
23:57:36:738 [main] DEBUG org.apache.poi.openxml4j.opc.PackageRelationshipCollection - Parsing relationship: /xl/_rels/workbook.xml.rels
23:57:36:738 [main] DEBUG org.apache.poi.openxml4j.opc.PackageRelationshipCollection - Parsing relationship: /xl/worksheets/_rels/sheet1.xml.rels
23:57:36:739 [main] DEBUG org.apache.poi.openxml4j.opc.PackageRelationshipCollection - Parsing relationship: /_rels/.rels
23:57:36:753 [main] DEBUG org.apache.poi.openxml4j.opc.PackageRelationshipCollection - Parsing relationship: /xl/_rels/workbook.xml.rels
23:57:36:754 [main] DEBUG org.apache.poi.openxml4j.opc.PackageRelationshipCollection - Parsing relationship: /xl/worksheets/_rels/sheet1.xml.rels
23:57:36:755 [main] DEBUG org.apache.poi.openxml4j.opc.PackageRelationshipCollection - Parsing relationship: /_rels/.rels
23:57:36:770 [main] DEBUG org.apache.poi.openxml4j.opc.PackageRelationshipCollection - Parsing relationship: /xl/_rels/workbook.xml.rels
23:57:36:770 [main] DEBUG org.apache.poi.openxml4j.opc.PackageRelationshipCollection - Parsing relationship: /xl/worksheets/_rels/sheet1.xml.rels
23:57:36:771 [main] DEBUG org.apache.poi.openxml4j.opc.PackageRelationshipCollection - Parsing relationship: /_rels/.rels
23:57:36:803 [main] INFO  TestCases.TC003_LoginDDT - **Starting TC003_LoginDDT****
23:57:38:741 [main] INFO  TestCases.TC003_LoginDDT - **Finished TC003_LoginDDT****
23:57:38:770 [main] INFO  TestCases.TC003_LoginDDT - **Starting TC003_LoginDDT****
23:57:41:155 [main] INFO  TestCases.TC003_LoginDDT - **Finished TC003_LoginDDT****
23:57:41:161 [main] INFO  TestCases.TC003_LoginDDT - **Starting TC003_LoginDDT****
23:57:43:388 [main] INFO  TestCases.TC003_LoginDDT - **Finished TC003_LoginDDT****
23:57:43:393 [main] INFO  TestCases.TC003_LoginDDT - **Starting TC003_LoginDDT****
10:13:07:206 [main] DEBUG org.testng.TestNG - suiteXmlPath: "C:\Users\Prafull\eclipse-workspace\OpenCart_FrameWork_Version_2\src\test\java\TestCases\Master.xml"
10:13:07:523 [main] INFO  org.testng.internal.Utils - [TestNG] Running:
  C:\Users\Prafull\eclipse-workspace\OpenCart_FrameWork_Version_2\src\test\java\TestCases\Master.xml

10:13:14:847 [main] DEBUG org.apache.poi.openxml4j.opc.PackageRelationshipCollection - Parsing relationship: /xl/_rels/workbook.xml.rels
10:13:14:851 [main] DEBUG org.apache.poi.openxml4j.opc.PackageRelationshipCollection - Parsing relationship: /xl/worksheets/_rels/sheet1.xml.rels
10:13:14:853 [main] DEBUG org.apache.poi.openxml4j.opc.PackageRelationshipCollection - Parsing relationship: /_rels/.rels
10:13:15:399 [main] DEBUG org.apache.poi.openxml4j.opc.PackageRelationshipCollection - Parsing relationship: /xl/_rels/workbook.xml.rels
10:13:15:401 [main] DEBUG org.apache.poi.openxml4j.opc.PackageRelationshipCollection - Parsing relationship: /xl/worksheets/_rels/sheet1.xml.rels
10:13:15:402 [main] DEBUG org.apache.poi.openxml4j.opc.PackageRelationshipCollection - Parsing relationship: /_rels/.rels
10:13:15:426 [main] DEBUG org.apache.poi.openxml4j.opc.PackageRelationshipCollection - Parsing relationship: /xl/_rels/workbook.xml.rels
10:13:15:427 [main] DEBUG org.apache.poi.openxml4j.opc.PackageRelationshipCollection - Parsing relationship: /xl/worksheets/_rels/sheet1.xml.rels
10:13:15:428 [main] DEBUG org.apache.poi.openxml4j.opc.PackageRelationshipCollection - Parsing relationship: /_rels/.rels
10:13:15:453 [main] DEBUG org.apache.poi.openxml4j.opc.PackageRelationshipCollection - Parsing relationship: /xl/_rels/workbook.xml.rels
10:13:15:454 [main] DEBUG org.apache.poi.openxml4j.opc.PackageRelationshipCollection - Parsing relationship: /xl/worksheets/_rels/sheet1.xml.rels
10:13:15:455 [main] DEBUG org.apache.poi.openxml4j.opc.PackageRelationshipCollection - Parsing relationship: /_rels/.rels
10:13:15:473 [main] DEBUG org.apache.poi.openxml4j.opc.PackageRelationshipCollection - Parsing relationship: /xl/_rels/workbook.xml.rels
10:13:15:474 [main] DEBUG org.apache.poi.openxml4j.opc.PackageRelationshipCollection - Parsing relationship: /xl/worksheets/_rels/sheet1.xml.rels
10:13:15:475 [main] DEBUG org.apache.poi.openxml4j.opc.PackageRelationshipCollection - Parsing relationship: /_rels/.rels
10:13:15:493 [main] DEBUG org.apache.poi.openxml4j.opc.PackageRelationshipCollection - Parsing relationship: /xl/_rels/workbook.xml.rels
10:13:15:494 [main] DEBUG org.apache.poi.openxml4j.opc.PackageRelationshipCollection - Parsing relationship: /xl/worksheets/_rels/sheet1.xml.rels
10:13:15:495 [main] DEBUG org.apache.poi.openxml4j.opc.PackageRelationshipCollection - Parsing relationship: /_rels/.rels
10:13:15:519 [main] DEBUG org.apache.poi.openxml4j.opc.PackageRelationshipCollection - Parsing relationship: /xl/_rels/workbook.xml.rels
10:13:15:520 [main] DEBUG org.apache.poi.openxml4j.opc.PackageRelationshipCollection - Parsing relationship: /xl/worksheets/_rels/sheet1.xml.rels
10:13:15:521 [main] DEBUG org.apache.poi.openxml4j.opc.PackageRelationshipCollection - Parsing relationship: /_rels/.rels
10:13:15:539 [main] DEBUG org.apache.poi.openxml4j.opc.PackageRelationshipCollection - Parsing relationship: /xl/_rels/workbook.xml.rels
10:13:15:540 [main] DEBUG org.apache.poi.openxml4j.opc.PackageRelationshipCollection - Parsing relationship: /xl/worksheets/_rels/sheet1.xml.rels
10:13:15:541 [main] DEBUG org.apache.poi.openxml4j.opc.PackageRelationshipCollection - Parsing relationship: /_rels/.rels
10:13:15:562 [main] DEBUG org.apache.poi.openxml4j.opc.PackageRelationshipCollection - Parsing relationship: /xl/_rels/workbook.xml.rels
10:13:15:563 [main] DEBUG org.apache.poi.openxml4j.opc.PackageRelationshipCollection - Parsing relationship: /xl/worksheets/_rels/sheet1.xml.rels
10:13:15:564 [main] DEBUG org.apache.poi.openxml4j.opc.PackageRelationshipCollection - Parsing relationship: /_rels/.rels
10:13:15:581 [main] DEBUG org.apache.poi.openxml4j.opc.PackageRelationshipCollection - Parsing relationship: /xl/_rels/workbook.xml.rels
10:13:15:582 [main] DEBUG org.apache.poi.openxml4j.opc.PackageRelationshipCollection - Parsing relationship: /xl/worksheets/_rels/sheet1.xml.rels
10:13:15:583 [main] DEBUG org.apache.poi.openxml4j.opc.PackageRelationshipCollection - Parsing relationship: /_rels/.rels
10:13:15:602 [main] DEBUG org.apache.poi.openxml4j.opc.PackageRelationshipCollection - Parsing relationship: /xl/_rels/workbook.xml.rels
10:13:15:603 [main] DEBUG org.apache.poi.openxml4j.opc.PackageRelationshipCollection - Parsing relationship: /xl/worksheets/_rels/sheet1.xml.rels
10:13:15:604 [main] DEBUG org.apache.poi.openxml4j.opc.PackageRelationshipCollection - Parsing relationship: /_rels/.rels
10:13:15:621 [main] DEBUG org.apache.poi.openxml4j.opc.PackageRelationshipCollection - Parsing relationship: /xl/_rels/workbook.xml.rels
10:13:15:622 [main] DEBUG org.apache.poi.openxml4j.opc.PackageRelationshipCollection - Parsing relationship: /xl/worksheets/_rels/sheet1.xml.rels
10:13:15:623 [main] DEBUG org.apache.poi.openxml4j.opc.PackageRelationshipCollection - Parsing relationship: /_rels/.rels
10:13:15:641 [main] DEBUG org.apache.poi.openxml4j.opc.PackageRelationshipCollection - Parsing relationship: /xl/_rels/workbook.xml.rels
10:13:15:643 [main] DEBUG org.apache.poi.openxml4j.opc.PackageRelationshipCollection - Parsing relationship: /xl/worksheets/_rels/sheet1.xml.rels
10:13:15:643 [main] DEBUG org.apache.poi.openxml4j.opc.PackageRelationshipCollection - Parsing relationship: /_rels/.rels
10:13:15:660 [main] DEBUG org.apache.poi.openxml4j.opc.PackageRelationshipCollection - Parsing relationship: /xl/_rels/workbook.xml.rels
10:13:15:661 [main] DEBUG org.apache.poi.openxml4j.opc.PackageRelationshipCollection - Parsing relationship: /xl/worksheets/_rels/sheet1.xml.rels
10:13:15:662 [main] DEBUG org.apache.poi.openxml4j.opc.PackageRelationshipCollection - Parsing relationship: /_rels/.rels
10:13:15:677 [main] DEBUG org.apache.poi.openxml4j.opc.PackageRelationshipCollection - Parsing relationship: /xl/_rels/workbook.xml.rels
10:13:15:678 [main] DEBUG org.apache.poi.openxml4j.opc.PackageRelationshipCollection - Parsing relationship: /xl/worksheets/_rels/sheet1.xml.rels
10:13:15:678 [main] DEBUG org.apache.poi.openxml4j.opc.PackageRelationshipCollection - Parsing relationship: /_rels/.rels
10:13:15:696 [main] DEBUG org.apache.poi.openxml4j.opc.PackageRelationshipCollection - Parsing relationship: /xl/_rels/workbook.xml.rels
10:13:15:697 [main] DEBUG org.apache.poi.openxml4j.opc.PackageRelationshipCollection - Parsing relationship: /xl/worksheets/_rels/sheet1.xml.rels
10:13:15:698 [main] DEBUG org.apache.poi.openxml4j.opc.PackageRelationshipCollection - Parsing relationship: /_rels/.rels
10:13:15:716 [main] DEBUG org.apache.poi.openxml4j.opc.PackageRelationshipCollection - Parsing relationship: /xl/_rels/workbook.xml.rels
10:13:15:716 [main] DEBUG org.apache.poi.openxml4j.opc.PackageRelationshipCollection - Parsing relationship: /xl/worksheets/_rels/sheet1.xml.rels
10:13:15:717 [main] DEBUG org.apache.poi.openxml4j.opc.PackageRelationshipCollection - Parsing relationship: /_rels/.rels
10:13:15:754 [main] INFO  TestCases.TC003_LoginDDT - **Starting TC003_LoginDDT****
10:13:17:647 [main] INFO  TestCases.TC003_LoginDDT - **Finished TC003_LoginDDT****
10:13:17:674 [main] INFO  TestCases.TC003_LoginDDT - **Starting TC003_LoginDDT****
10:13:19:780 [main] INFO  TestCases.TC003_LoginDDT - **Finished TC003_LoginDDT****
10:13:19:785 [main] INFO  TestCases.TC003_LoginDDT - **Starting TC003_LoginDDT****
10:13:21:615 [main] INFO  TestCases.TC003_LoginDDT - **Finished TC003_LoginDDT****
10:13:21:620 [main] INFO  TestCases.TC003_LoginDDT - **Starting TC003_LoginDDT****
10:13:33:102 [main] INFO  TestCases.TC003_LoginDDT - **Starting TC003_LoginDDT****
10:13:35:297 [main] INFO  TestCases.TC003_LoginDDT - **Finished TC003_LoginDDT****
10:55:15:157 [main] DEBUG org.testng.TestNG - suiteXmlPath: "C:\Users\Prafull\eclipse-workspace\OpenCart_FrameWork_Version_2\src\test\java\TestCases\Master.xml"
10:55:15:485 [main] INFO  org.testng.internal.Utils - [TestNG] Running:
  C:\Users\Prafull\eclipse-workspace\OpenCart_FrameWork_Version_2\src\test\java\TestCases\Master.xml

10:55:19:929 [main] INFO  TestCases.TC002_LoginTest - **** Starting TC002_LoginTest ****
10:56:49:282 [main] DEBUG org.testng.TestNG - suiteXmlPath: "C:\Users\Prafull\eclipse-workspace\OpenCart_FrameWork_Version_2\test-output\testng-failed.xml"
10:56:49:549 [main] INFO  org.testng.internal.Utils - [TestNG] Running:
  C:\Users\Prafull\eclipse-workspace\OpenCart_FrameWork_Version_2\test-output\testng-failed.xml

10:56:52:459 [main] INFO  TestCases.TC002_LoginTest - **** Starting TC002_LoginTest ****
10:56:59:670 [main] INFO  TestCases.TC002_LoginTest - **** Finished TC002_LoginTest ****
12:30:23:771 [main] DEBUG org.testng.TestNG - suiteXmlPath: "C:\Users\Prafull\eclipse-workspace\OpenCart_FrameWork_Version_2\src\test\java\TestCases\Master.xml"
12:30:24:502 [main] INFO  org.testng.internal.Utils - [TestNG] Running:
  C:\Users\Prafull\eclipse-workspace\OpenCart_FrameWork_Version_2\src\test\java\TestCases\Master.xml

12:30:36:342 [main] INFO  TestCases.TC002_LoginTest - **** Starting TC002_LoginTest ****
12:30:44:294 [main] INFO  TestCases.TC002_LoginTest - **** Finished TC002_LoginTest ****
10:09:53:983 [main] DEBUG org.testng.TestNG - suiteXmlPath: "C:\Users\prafulbagade\eclipse-workspace\OpenCart_FrameWork_Version_2\OpenCart_FrameWork_Version_2\src\test\java\TestCases\Master.xml"
10:09:54:338 [main] INFO  org.testng.internal.Utils - [TestNG] Running:
  C:\Users\prafulbagade\eclipse-workspace\OpenCart_FrameWork_Version_2\OpenCart_FrameWork_Version_2\src\test\java\TestCases\Master.xml

10:09:58:806 [main] INFO  TestCases.TC002_LoginTest - **** Starting TC002_LoginTest ****
10:10:07:497 [main] INFO  TestCases.TC002_LoginTest - **** Finished TC002_LoginTest ****
10:38:23:455 [main] DEBUG org.testng.TestNG - suiteXmlPath: "C:\Users\prafulbagade\eclipse-workspace\OpenCart_FrameWork_Version_2\OpenCart_FrameWork_Version_2\src\test\java\TestCases\Master.xml"
10:38:23:851 [main] INFO  org.testng.internal.Utils - [TestNG] Running:
  C:\Users\prafulbagade\eclipse-workspace\OpenCart_FrameWork_Version_2\OpenCart_FrameWork_Version_2\src\test\java\TestCases\Master.xml

10:38:29:430 [main] INFO  TestCases.TC002_LoginTest - **** Starting TC002_LoginTest ****
10:38:37:570 [main] INFO  TestCases.TC002_LoginTest - **** Finished TC002_LoginTest ****
